\BOOKMARK [0][-]{chapter*.1}{\376\377\000R\000e\000m\000e\000r\000c\000i\000e\000m\000e\000n\000t\000s}{}% 1
\BOOKMARK [0][-]{chapter*.2}{\376\377\000R\000\351\000s\000u\000m\000\351}{}% 2
\BOOKMARK [0][-]{chapter*.3}{\376\377\000A\000b\000s\000t\000r\000a\000c\000t}{}% 3
\BOOKMARK [0][-]{chapter*.10}{\376\377\000L\000i\000s\000t\000e\000\040\000d\000e\000s\000\040\000a\000c\000r\000o\000n\000y\000m\000e\000s}{}% 4
\BOOKMARK [0][-]{chapter*.11}{\376\377\000I\000n\000t\000r\000o\000d\000u\000c\000t\000i\000o\000n\000\040\000g\000\351\000n\000\351\000r\000a\000l\000e}{}% 5
\BOOKMARK [0][-]{chapter.1}{\376\377\000\311\000t\000u\000d\000e\000\040\000d\000e\000\040\000l\000'\000e\000x\000i\000s\000t\000a\000n\000t\000\040\000e\000t\000\040\000c\000a\000d\000r\000e\000\040\000t\000h\000\351\000o\000r\000i\000q\000u\000e}{}% 6
\BOOKMARK [1][-]{section.1.1}{\376\377\000\311\000c\000o\000s\000y\000s\000t\000\350\000m\000e\000\040\000d\000u\000\040\000f\000i\000n\000a\000n\000c\000e\000m\000e\000n\000t\000\040\000d\000e\000s\000\040\000s\000t\000a\000r\000t\000u\000p\000s}{chapter.1}% 7
\BOOKMARK [2][-]{subsection.1.1.1}{\376\377\000P\000a\000n\000o\000r\000a\000m\000a\000\040\000e\000t\000\040\000e\000n\000j\000e\000u\000x}{section.1.1}% 8
\BOOKMARK [2][-]{subsection.1.1.2}{\376\377\000A\000c\000t\000e\000u\000r\000s\000\040\000d\000u\000\040\000f\000i\000n\000a\000n\000c\000e\000m\000e\000n\000t}{section.1.1}% 9
\BOOKMARK [1][-]{section.1.2}{\376\377\000A\000s\000s\000i\000s\000t\000a\000n\000t\000s\000\040\000c\000o\000n\000v\000e\000r\000s\000a\000t\000i\000o\000n\000n\000e\000l\000s\000\040\000:\000\040\000b\000r\000e\000f\000\040\000p\000a\000n\000o\000r\000a\000m\000a}{chapter.1}% 10
\BOOKMARK [1][-]{section.1.3}{\376\377\000L\000a\000\040\000t\000e\000c\000h\000n\000i\000q\000u\000e\000\040\000R\000e\000t\000r\000i\000e\000v\000a\000l\000-\000A\000u\000g\000m\000e\000n\000t\000e\000d\000\040\000G\000e\000n\000e\000r\000a\000t\000i\000o\000n}{chapter.1}% 11
\BOOKMARK [2][-]{subsection.1.3.1}{\376\377\000P\000r\000i\000n\000c\000i\000p\000e}{section.1.3}% 12
\BOOKMARK [2][-]{subsection.1.3.2}{\376\377\000P\000i\000p\000e\000l\000i\000n\000e\000\040\000d\000\351\000t\000a\000i\000l\000l\000\351}{section.1.3}% 13
\BOOKMARK [2][-]{subsection.1.3.3}{\376\377\000A\000p\000p\000o\000r\000t\000s\000\040\000d\000u\000\040\000R\000A\000G\000\040\000p\000a\000r\000\040\000r\000a\000p\000p\000o\000r\000t\000\040\000a\000u\000\040\000f\000i\000n\000e\000-\000t\000u\000n\000i\000n\000g}{section.1.3}% 14
\BOOKMARK [1][-]{section.1.4}{\376\377\000P\000o\000s\000i\000t\000i\000o\000n\000n\000e\000m\000e\000n\000t\000\040\000p\000a\000r\000\040\000r\000a\000p\000p\000o\000r\000t\000\040\000a\000u\000x\000\040\000s\000o\000l\000u\000t\000i\000o\000n\000s\000\040\000e\000x\000i\000s\000t\000a\000n\000t\000e\000s}{chapter.1}% 15
\BOOKMARK [1][-]{section.1.5}{\376\377\000J\000u\000s\000t\000i\000f\000i\000c\000a\000t\000i\000o\000n\000\040\000d\000e\000\040\000l\000'\000a\000p\000p\000r\000o\000c\000h\000e\000\040\000h\000y\000b\000r\000i\000d\000e}{chapter.1}% 16
\BOOKMARK [0][-]{chapter.2}{\376\377\000C\000o\000n\000c\000e\000p\000t\000i\000o\000n\000\040\000e\000t\000\040\000a\000r\000c\000h\000i\000t\000e\000c\000t\000u\000r\000e}{}% 17
\BOOKMARK [1][-]{section.2.1}{\376\377\000A\000r\000c\000h\000i\000t\000e\000c\000t\000u\000r\000e\000\040\000g\000l\000o\000b\000a\000l\000e}{chapter.2}% 18
\BOOKMARK [1][-]{section.2.2}{\376\377\000M\000o\000d\000u\000l\000e\000s\000\040\000f\000o\000n\000c\000t\000i\000o\000n\000n\000e\000l\000s}{chapter.2}% 19
\BOOKMARK [1][-]{section.2.3}{\376\377\000M\000o\000d\000\350\000l\000e\000\040\000d\000e\000\040\000d\000o\000n\000n\000\351\000e\000s}{chapter.2}% 20
\BOOKMARK [1][-]{section.2.4}{\376\377\000P\000i\000p\000e\000l\000i\000n\000e\000\040\000R\000A\000G}{chapter.2}% 21
\BOOKMARK [1][-]{section.2.5}{\376\377\000M\000a\000p\000p\000i\000n\000g\000\040\000d\000a\000t\000a\000s\000e\000t\000\040\000-\000>\000\040\000f\000o\000n\000c\000t\000i\000o\000n\000n\000a\000l\000i\000t\000\351\000s}{chapter.2}% 22
\BOOKMARK [0][-]{chapter.3}{\376\377\000R\000\351\000a\000l\000i\000s\000a\000t\000i\000o\000n\000\040\000e\000t\000\040\000i\000m\000p\000l\000\351\000m\000e\000n\000t\000a\000t\000i\000o\000n}{}% 23
\BOOKMARK [1][-]{section.3.1}{\376\377\000E\000n\000v\000i\000r\000o\000n\000n\000e\000m\000e\000n\000t}{chapter.3}% 24
\BOOKMARK [1][-]{section.3.2}{\376\377\000S\000t\000a\000c\000k\000\040\000t\000e\000c\000h\000n\000i\000q\000u\000e}{chapter.3}% 25
\BOOKMARK [1][-]{section.3.3}{\376\377\000C\000o\000n\000s\000t\000i\000t\000u\000t\000i\000o\000n\000\040\000d\000u\000\040\000d\000a\000t\000a\000s\000e\000t}{chapter.3}% 26
\BOOKMARK [1][-]{section.3.4}{\376\377\000P\000i\000p\000e\000l\000i\000n\000e\000\040\000R\000A\000G}{chapter.3}% 27
\BOOKMARK [2][-]{subsection.3.4.1}{\376\377\000C\000o\000n\000f\000i\000g\000u\000r\000a\000t\000i\000o\000n\000\040\000c\000e\000n\000t\000r\000a\000l\000i\000s\000\351\000e}{section.3.4}% 28
\BOOKMARK [2][-]{subsection.3.4.2}{\376\377\000C\000h\000a\000r\000g\000e\000m\000e\000n\000t\000\040\000d\000e\000s\000\040\000d\000o\000n\000n\000\351\000e\000s}{section.3.4}% 29
\BOOKMARK [2][-]{subsection.3.4.3}{\376\377\000I\000n\000g\000e\000s\000t\000i\000o\000n\000\040\000e\000t\000\040\000c\000h\000u\000n\000k\000i\000n\000g}{section.3.4}% 30
\BOOKMARK [2][-]{subsection.3.4.4}{\376\377\000M\000o\000d\000\350\000l\000e\000\040\000d\000'\000e\000m\000b\000e\000d\000d\000i\000n\000g}{section.3.4}% 31
\BOOKMARK [2][-]{subsection.3.4.5}{\376\377\000B\000a\000s\000e\000\040\000v\000e\000c\000t\000o\000r\000i\000e\000l\000l\000e\000\040\000e\000t\000\040\000r\000e\000c\000h\000e\000r\000c\000h\000e}{section.3.4}% 32
\BOOKMARK [1][-]{section.3.5}{\376\377\000M\000o\000d\000u\000l\000e\000s\000\040\000m\000\351\000t\000i\000e\000r}{chapter.3}% 33
\BOOKMARK [2][-]{subsection.3.5.1}{\376\377\000S\000c\000o\000r\000i\000n\000g\000\040\000d\000e\000\040\000f\000u\000n\000d\000a\000b\000i\000l\000i\000t\000y}{section.3.5}% 34
\BOOKMARK [2][-]{subsection.3.5.2}{\376\377\000D\000i\000a\000g\000n\000o\000s\000t\000i\000c\000\040\000f\000i\000n\000a\000n\000c\000i\000e\000r}{section.3.5}% 35
\BOOKMARK [2][-]{subsection.3.5.3}{\376\377\000M\000a\000t\000c\000h\000i\000n\000g\000\040\000i\000n\000v\000e\000s\000t\000i\000s\000s\000e\000u\000r\000s\000\040\000e\000t\000\040\000s\000u\000b\000v\000e\000n\000t\000i\000o\000n\000s}{section.3.5}% 36
\BOOKMARK [2][-]{subsection.3.5.4}{\376\377\000Q\000\046\000A\000\040\000c\000o\000n\000v\000e\000r\000s\000a\000t\000i\000o\000n\000n\000e\000l}{section.3.5}% 37
\BOOKMARK [1][-]{section.3.6}{\376\377\000B\000a\000c\000k\000e\000n\000d\000\040\000F\000a\000s\000t\000A\000P\000I}{chapter.3}% 38
\BOOKMARK [2][-]{subsection.3.6.1}{\376\377\000E\000n\000d\000p\000o\000i\000n\000t\000s}{section.3.6}% 39
\BOOKMARK [2][-]{subsection.3.6.2}{\376\377\000M\000o\000d\000\350\000l\000e\000s\000\040\000P\000y\000d\000a\000n\000t\000i\000c\000\040\000e\000t\000\040\000n\000o\000r\000m\000a\000l\000i\000s\000a\000t\000i\000o\000n\000\040\000d\000u\000\040\000p\000r\000o\000f\000i\000l}{section.3.6}% 40
\BOOKMARK [2][-]{subsection.3.6.3}{\376\377\000D\000\351\000t\000e\000c\000t\000i\000o\000n\000\040\000d\000e\000\040\000g\000r\000e\000e\000t\000i\000n\000g\000s}{section.3.6}% 41
\BOOKMARK [2][-]{subsection.3.6.4}{\376\377\000R\000o\000u\000t\000e\000u\000r\000\040\000d\000'\000i\000n\000t\000e\000n\000t\000i\000o\000n\000s}{section.3.6}% 42
\BOOKMARK [2][-]{subsection.3.6.5}{\376\377\000S\000t\000r\000e\000a\000m\000i\000n\000g\000\040\000S\000S\000E}{section.3.6}% 43
\BOOKMARK [2][-]{subsection.3.6.6}{\376\377\000A\000t\000t\000r\000i\000b\000u\000t\000i\000o\000n\000\040\000d\000e\000s\000\040\000s\000o\000u\000r\000c\000e\000s\000\040\000e\000t\000\040\000f\000o\000r\000m\000a\000t\000a\000g\000e}{section.3.6}% 44
\BOOKMARK [1][-]{section.3.7}{\376\377\000I\000n\000t\000e\000r\000f\000a\000c\000e\000\040\000N\000e\000x\000t\000.\000j\000s}{chapter.3}% 45
\BOOKMARK [2][-]{subsection.3.7.1}{\376\377\000A\000r\000c\000h\000i\000t\000e\000c\000t\000u\000r\000e\000\040\000d\000e\000s\000\040\000c\000o\000m\000p\000o\000s\000a\000n\000t\000s}{section.3.7}% 46
\BOOKMARK [2][-]{subsection.3.7.2}{\376\377\000B\000a\000r\000r\000e\000\040\000l\000a\000t\000\351\000r\000a\000l\000e\000\040\000e\000t\000\040\000g\000e\000s\000t\000i\000o\000n\000\040\000d\000e\000\040\000c\000o\000n\000v\000e\000r\000s\000a\000t\000i\000o\000n\000s}{section.3.7}% 47
\BOOKMARK [2][-]{subsection.3.7.3}{\376\377\000C\000h\000a\000t\000\040\000e\000t\000\040\000r\000e\000n\000d\000u\000\040\000M\000a\000r\000k\000d\000o\000w\000n}{section.3.7}% 48
\BOOKMARK [2][-]{subsection.3.7.4}{\376\377\000F\000o\000r\000m\000u\000l\000a\000i\000r\000e\000\040\000d\000e\000\040\000p\000r\000o\000f\000i\000l}{section.3.7}% 49
\BOOKMARK [2][-]{subsection.3.7.5}{\376\377\000O\000n\000b\000o\000a\000r\000d\000i\000n\000g\000\040\000e\000t\000\040\000t\000h\000\350\000m\000e\000s}{section.3.7}% 50
\BOOKMARK [2][-]{subsection.3.7.6}{\376\377\000G\000e\000s\000t\000i\000o\000n\000\040\000d\000'\000\351\000t\000a\000t\000\040\000e\000t\000\040\000c\000o\000n\000s\000o\000m\000m\000a\000t\000i\000o\000n\000\040\000d\000u\000\040\000f\000l\000u\000x\000\040\000S\000S\000E}{section.3.7}% 51
\BOOKMARK [1][-]{section.3.8}{\376\377\000S\000t\000r\000u\000c\000t\000u\000r\000e\000\040\000d\000u\000\040\000p\000r\000o\000j\000e\000t}{chapter.3}% 52
\BOOKMARK [1][-]{section.3.9}{\376\377\000R\000\350\000g\000l\000e\000s\000\040\000d\000e\000\040\000d\000\351\000v\000e\000l\000o\000p\000p\000e\000m\000e\000n\000t}{chapter.3}% 53
\BOOKMARK [0][-]{chapter.4}{\376\377\000T\000e\000s\000t\000s\000\040\000e\000t\000\040\000r\000\351\000s\000u\000l\000t\000a\000t\000s}{}% 54
\BOOKMARK [1][-]{section.4.1}{\376\377\000S\000c\000\351\000n\000a\000r\000i\000o\000s\000\040\000f\000o\000n\000c\000t\000i\000o\000n\000n\000e\000l\000s}{chapter.4}% 55
\BOOKMARK [1][-]{section.4.2}{\376\377\000T\000e\000s\000t\000s\000\040\000d\000u\000\040\000p\000i\000p\000e\000l\000i\000n\000e\000\040\000R\000A\000G}{chapter.4}% 56
\BOOKMARK [1][-]{section.4.3}{\376\377\000T\000e\000s\000t\000s\000\040\000u\000n\000i\000t\000a\000i\000r\000e\000s}{chapter.4}% 57
\BOOKMARK [1][-]{section.4.4}{\376\377\000D\000i\000s\000c\000u\000s\000s\000i\000o\000n\000\040\000e\000t\000\040\000l\000i\000m\000i\000t\000e\000s}{chapter.4}% 58
\BOOKMARK [2][-]{subsection.4.4.1}{\376\377\000P\000o\000i\000n\000t\000s\000\040\000f\000o\000r\000t\000s}{section.4.4}% 59
\BOOKMARK [2][-]{subsection.4.4.2}{\376\377\000L\000i\000m\000i\000t\000e\000s\000\040\000i\000d\000e\000n\000t\000i\000f\000i\000\351\000e\000s}{section.4.4}% 60
\BOOKMARK [0][-]{chapter.5}{\376\377\000C\000o\000n\000c\000l\000u\000s\000i\000o\000n\000\040\000g\000\351\000n\000\351\000r\000a\000l\000e\000\040\000e\000t\000\040\000p\000e\000r\000s\000p\000e\000c\000t\000i\000v\000e\000s}{}% 61
\BOOKMARK [1][-]{section.5.1}{\376\377\000B\000i\000l\000a\000n\000\040\000d\000u\000\040\000p\000r\000o\000j\000e\000t}{chapter.5}% 62
\BOOKMARK [1][-]{section.5.2}{\376\377\000A\000p\000p\000o\000r\000t\000s\000\040\000p\000e\000r\000s\000o\000n\000n\000e\000l\000s}{chapter.5}% 63
\BOOKMARK [1][-]{section.5.3}{\376\377\000P\000e\000r\000s\000p\000e\000c\000t\000i\000v\000e\000s\000\040\000d\000'\000a\000m\000\351\000l\000i\000o\000r\000a\000t\000i\000o\000n}{chapter.5}% 64
\BOOKMARK [0][-]{section*.60}{\376\377\000B\000i\000b\000l\000i\000o\000g\000r\000a\000p\000h\000i\000e\000\040\000e\000t\000\040\000w\000e\000b\000o\000g\000r\000a\000p\000h\000i\000e}{}% 65
\BOOKMARK [0][-]{appendix.A}{\376\377\000S\000c\000h\000\351\000m\000a\000\040\000J\000S\000O\000N\000\040\000d\000u\000\040\000d\000a\000t\000a\000s\000e\000t}{}% 66
\BOOKMARK [0][-]{appendix.B}{\376\377\000V\000a\000r\000i\000a\000b\000l\000e\000s\000\040\000d\000'\000e\000n\000v\000i\000r\000o\000n\000n\000e\000m\000e\000n\000t}{}% 67
\BOOKMARK [0][-]{appendix.C}{\376\377\000R\000\351\000f\000\351\000r\000e\000n\000c\000e\000\040\000A\000P\000I\000\040\000F\000a\000s\000t\000A\000P\000I}{}% 68
\BOOKMARK [0][-]{appendix.D}{\376\377\000P\000r\000o\000m\000p\000t\000\040\000s\000y\000s\000t\000\350\000m\000e\000\040\000d\000u\000\040\000m\000o\000d\000u\000l\000e\000\040\000Q\000\046\000A}{}% 69
